Reading 1MB
Sending File 1MB on a pi2 running raspbian
95 0.0  1.7
186 0.0  1.8
329 0.0  1.8
415 0.0  1.8
500 0.0  1.8
586 0.0  1.8
672 3.0  1.8
760 3.0  1.8
845 3.0  1.8
931 3.0  1.8
1018 3.0  1.8
1104 3.0  1.8
1189 3.0  1.8
1275 3.0  1.8
1360 3.0  1.8
1445 3.0  1.8
1531 3.0  1.8
1616 1.5  1.8
1702 1.5  1.8
1787 1.5  1.8
1872 1.5  1.8
1959 1.5  1.8
2044 1.5  1.8
2129 1.5  1.8
2215 1.5  1.8
2300 1.5  1.8
2386 1.5  1.8
2471 1.5  1.8
2557 1.5  1.8
2643 1.0  1.8
2730 1.0  1.8
2816 1.0  1.8
2901 1.0  1.8
2987 1.0  1.8
3073 1.0  1.8
3158 1.0  1.8
3244 1.0  1.8
3329 1.0  1.8
3415 1.0  1.8
3500 1.0  1.8
3585 1.0  1.8
3671 0.7  1.8
3756 0.7  1.8
3841 0.7  1.8
3927 0.7  1.8
4012 0.7  1.8
4098 0.7  1.8
4185 0.7  1.8
4270 0.7  1.8
4355 0.7  1.8
4441 0.7  1.8
4527 0.7  1.8
4612 0.6  1.8
4697 0.6  1.8
4784 0.6  1.8
4869 0.6  1.8
4957 0.6  1.8
5042 0.6  1.8
5127 0.6  1.8
5213 0.6  1.8
5299 0.6  1.8
5384 0.6  1.8
5470 0.6  1.8
5555 0.6  1.8
5640 0.5  1.8
5726 0.5  1.8
5811 0.5  1.8
5897 0.5  1.8
5982 0.5  1.8
6069 0.5  1.8
6155 0.5  1.8
6240 0.5  1.8
6326 0.5  1.8
6412 0.5  1.8
6496 0.5  1.8
6583 0.5  1.8
6668 0.4  1.8
6753 0.4  1.8
6838 0.4  1.8
6924 0.4  1.8
7009 0.4  1.8
7095 0.4  1.8
7181 0.4  1.8
7267 0.4  1.8
7352 0.4  1.8
7438 0.4  1.8
7523 0.4  1.8
7609 0.3  1.8
7694 0.3  1.8
7780 0.3  1.8
7866 0.3  1.8
7951 0.3  1.8
8036 0.3  1.8
8122 0.3  1.8
8207 0.3  1.8
8292 0.3  1.8
8377 0.3  1.8
8462 0.3  1.8
8547 0.3  1.8
8632 0.3  1.8
8718 0.3  1.8
8804 0.3  1.8
8889 0.3  1.8
8976 0.3  1.8
9063 0.3  1.8
9148 0.3  1.8
9234 0.3  1.8
9320 0.3  1.8
9405 0.3  1.8
9491 0.3  1.8
9576 0.3  1.8
9662 0.3  1.8
9748 0.3  1.8
9833 0.3  1.8
9919 0.3  1.8
10004 0.3  1.8
10089 0.3  1.8
10175 0.3  1.8
10260 0.3  1.8
10345 0.3  1.8
10430 0.3  1.8
10515 0.3  1.8
10600 0.3  1.8
10686 0.2  1.8
10772 0.2  1.8
10857 0.2  1.8
10943 0.2  1.8
11028 0.2  1.8
11113 0.2  1.8
11199 0.2  1.8
11284 0.2  1.8
11371 0.2  1.8
11455 0.2  1.8
11540 0.2  1.8
11625 0.2  1.8
11711 0.2  1.8
11796 0.2  1.8
11882 0.2  1.8
11966 0.2  1.8
12053 0.2  1.8
12138 0.2  1.8
12224 0.2  1.8
12315 0.2  1.8
12400 0.2  1.8
12485 0.2  1.8
12571 0.2  1.8
12656 0.2  1.8
12741 0.2  1.8
12826 0.2  1.8
12911 0.2  1.8
12997 0.2  1.8
13081 0.2  1.8
13168 0.2  1.8
13253 0.2  1.8
13338 0.2  1.8
13424 0.2  1.8
13510 0.2  1.8
13596 0.2  1.8
13682 0.2  1.8
13767 0.2  1.8
13852 0.2  1.8
13937 0.2  1.8
14023 0.2  1.8
14108 0.2  1.8
14193 0.2  1.8
14278 0.2  1.8
14363 0.2  1.8
14449 0.2  1.8
14535 0.2  1.8
14621 0.2  1.8
14706 0.2  1.8
14791 0.2  1.8
14876 0.2  1.8
14962 0.2  1.8
15046 0.2  1.8
15131 0.2  1.8
15217 0.2  1.8
15302 0.2  1.8
15387 0.2  1.8
15473 0.2  1.8
15558 0.2  1.8
15643 0.1  1.8
15728 0.1  1.8
15813 0.1  1.8
15899 0.1  1.8
15984 0.1  1.8
16069 0.1  1.8
16154 0.1  1.8
16240 0.1  1.8
16325 0.1  1.8
16411 0.1  1.8
16497 0.1  1.8
16582 0.1  1.8
16667 0.1  1.8
16752 0.1  1.8
16837 0.1  1.8
16923 0.1  1.8
17008 0.1  1.8
17094 0.1  1.8
17179 0.1  1.8
17264 0.1  1.8
17350 0.1  1.8
17435 0.1  1.8
17520 0.1  1.8
17606 0.1  1.8
17693 0.1  1.8
17779 0.1  1.8
17865 0.1  1.8
17951 0.1  1.8
18036 0.1  1.8
18122 0.1  1.8
18207 0.1  1.8
18292 0.1  1.8
18378 0.1  1.8
18464 0.1  1.8
18550 0.1  1.8
18635 0.1  1.8
18721 0.1  1.8
18806 0.1  1.8
18891 0.1  1.8
18977 0.1  1.8
19062 0.1  1.8
19147 0.1  1.8
19232 0.1  1.8
19317 0.1  1.8
19403 0.1  1.8
19488 0.1  1.8
19574 0.1  1.8
19659 0.1  1.8
19745 0.1  1.8
19830 0.1  1.8
19915 0.1  1.8
20001 0.1  1.8
20086 0.1  1.8
20171 0.1  1.8
20256 0.1  1.8
20342 0.1  1.8
20427 0.1  1.8
20512 0.1  1.8
20597 0.1  1.8
20683 0.1  1.8
20768 0.1  1.8
20853 0.1  1.8
20939 0.1  1.8
21025 0.1  1.8
21110 0.1  1.8
21195 0.1  1.8
21281 0.1  1.8
21367 0.1  1.8
21453 0.1  1.8
21539 0.1  1.8
21625 0.1  1.8
21712 0.1  1.8
21798 0.1  1.8
21884 0.1  1.8
21970 0.1  1.8
22057 0.1  1.8
22142 0.1  1.8
22227 0.1  1.8
22313 0.1  1.8
22398 0.1  1.8
22484 0.1  1.8
22569 0.1  1.8
22654 0.1  1.8
22740 0.1  1.8
22827 0.1  1.8
22913 0.1  1.8
22998 0.1  1.8
23083 0.1  1.8
23169 0.1  1.8
23254 0.1  1.8
23339 0.1  1.8
23425 0.1  1.8
23510 0.1  1.8
23596 0.1  1.8
23681 0.1  1.8
